<?xml version="1.0" encoding="UTF-8"?>
<!-- Generated by org.testng.reporters.JUnitXMLReporter -->
<testsuite ignored="0" hostname="punbkumarpc" failures="0" tests="6" name="CrtCustomerTest" time="4.722" errors="0" timestamp="2025-10-26T14:47:41 IST">
  <testcase classname="prjct.nine.testcases.CreateCustomerTest" name="validateCreateCustomerBasicAuthByInValidSecretKey" time="1.121"/>
  <testcase classname="prjct.nine.testcases.CreateCustomerTest" name="validateCreateCustomerBasicAuthByInValidSecretKey" time="0.425"/>
  <testcase classname="prjct.nine.testcases.CreateCustomerTest" name="validateCreateCustomerBasicAuthByValidSecretKey" time="0.779"/>
  <testcase classname="prjct.nine.testcases.CreateCustomerTest" name="validateCreateCustomerBasicAuthByValidSecretKey" time="0.799"/>
  <testcase classname="prjct.nine.testcases.CreateCustomerTest" name="validateCreateCustomerBasicAuthByValidSecretKey" time="0.754"/>
  <testcase classname="prjct.nine.testcases.CreateCustomerTest" name="validateCreateCustomerBasicAuthByValidSecretKey" time="0.755"/>
</testsuite> <!-- CrtCustomerTest -->
