<?xml version="1.0" encoding="UTF-8"?>
<!-- Generated by org.testng.reporters.JUnitXMLReporter -->
<testsuite ignored="0" hostname="punbkumarpc" failures="2" tests="2" name="DelCustomerTest" time="0.009" errors="0" timestamp="2025-10-26T14:47:41 IST">
  <testcase classname="prjct.nine.testcases.DeleteCustomerTest" name="validateAccessToken" time="0.001">
    <failure type="java.lang.ArrayIndexOutOfBoundsException" message="Index 0 out of bounds for length 0">
      <![CDATA[java.lang.ArrayIndexOutOfBoundsException: Index 0 out of bounds for length 0
at extentlisteners.ExtentListeners.onTestStart(ExtentListeners.java:48)
at java.base/java.util.ArrayList.forEach(ArrayList.java:1511)
... Removed 28 stack frames]]>
    </failure>
  </testcase> <!-- validateAccessToken -->
  <testcase classname="prjct.nine.testcases.DeleteCustomerTest" name="createOrder" time="0.001">
    <failure type="java.lang.ArrayIndexOutOfBoundsException" message="Index 0 out of bounds for length 0">
      <![CDATA[java.lang.ArrayIndexOutOfBoundsException: Index 0 out of bounds for length 0
at extentlisteners.ExtentListeners.onTestStart(ExtentListeners.java:48)
at java.base/java.util.ArrayList.forEach(ArrayList.java:1511)
... Removed 28 stack frames]]>
    </failure>
  </testcase> <!-- createOrder -->
</testsuite> <!-- DelCustomerTest -->
