<?xml version="1.0" encoding="UTF-8"?>
<testsuite xmlns:xsi="http://www.w3.org/2001/XMLSchema-instance" xsi:noNamespaceSchemaLocation="https://maven.apache.org/surefire/maven-surefire-plugin/xsd/surefire-test-report-3.0.xsd" version="3.0" name="TestSuite" time="6.37" tests="8" errors="0" skipped="0" failures="2">
  <properties>
[...]
</properties>
  <testcase name="validateCreateCustomerBasicAuthByInValidSecretKey[{phone=1.234560987E9, email=kumarsham@gmail.com, name=Sham Kumar, description=This is a very important client}](1)" classname="prjct.nine.testcases.CreateCustomerTest" time="1.155">
    <system-out><![CDATA[In the start method of extent listener
{phone=1.234560987E9, email=kumarsham@gmail.com, name=Sham Kumar, description=This is a very important client}
prjct.nine.testcases.CreateCustomerTest
validateCreateCustomerBasicAuthByInValidSecretKey
{
    "error": {
        "message": "Invalid API Key provided: st_51QPJ*******************************************************************KzjZ",
        "type": "invalid_request_error"
    }
}
401
]]></system-out>
    <system-err><![CDATA[SLF4J(W): Class path contains multiple SLF4J providers.
SLF4J(W): Found provider [org.slf4j.simple.SimpleServiceProvider@6f1fba17]
SLF4J(W): Found provider [ch.qos.logback.classic.spi.LogbackServiceProvider@185d8b6]
SLF4J(W): See https://www.slf4j.org/codes.html#multiple_bindings for an explanation.
SLF4J(I): Actual provider is of type [org.slf4j.simple.SimpleServiceProvider@6f1fba17]
]]></system-err>
  </testcase>
  <testcase name="validateCreateCustomerBasicAuthByInValidSecretKey[{phone=9.87654321E9, email=kumarram@gmail.com, name=Ram Kumar, description=Not a important one}](2)" classname="prjct.nine.testcases.CreateCustomerTest" time="0.432">
    <system-out><![CDATA[{phone=9.87654321E9, email=kumarram@gmail.com, name=Ram Kumar, description=Not a important one}
prjct.nine.testcases.CreateCustomerTest
validateCreateCustomerBasicAuthByInValidSecretKey
{
    "error": {
        "message": "Invalid API Key provided: st_51QPJ*******************************************************************KzjZ",
        "type": "invalid_request_error"
    }
}
401
]]></system-out>
  </testcase>
  <testcase name="validateCreateCustomerBasicAuthByValidSecretKey[{phone=1.234560987E9, email=kumarsham@gmail.com, name=Sham Kumar, description=This is a very important client}](1)" classname="prjct.nine.testcases.CreateCustomerTest" time="0.778">
    <system-out><![CDATA[{phone=1.234560987E9, email=kumarsham@gmail.com, name=Sham Kumar, description=This is a very important client}
prjct.nine.testcases.CreateCustomerTest
validateCreateCustomerBasicAuthByValidSecretKey
{
    "id": "cus_TJ29ZFTXAr1EjX",
    "object": "customer",
    "address": null,
    "balance": 0,
    "created": 1761470258,
    "currency": null,
    "default_source": null,
    "delinquent": false,
    "description": "This is a very important client",
    "discount": null,
    "email": "kumarsham@gmail.com",
    "invoice_prefix": "B8INZYXS",
    "invoice_settings": {
        "custom_fields": null,
        "default_payment_method": null,
        "footer": null,
        "rendering_options": null
    },
    "livemode": false,
    "metadata": {
        
    },
    "name": "Sham Kumar",
    "next_invoice_sequence": 1,
    "phone": "1.234560987E9",
    "preferred_locales": [
        
    ],
    "shipping": null,
    "tax_exempt": "none",
    "test_clock": null
}
]]></system-out>
  </testcase>
  <testcase name="validateCreateCustomerBasicAuthByValidSecretKey[{phone=9.87654321E9, email=kumarram@gmail.com, name=Ram Kumar, description=Not a important one}](2)" classname="prjct.nine.testcases.CreateCustomerTest" time="0.8">
    <system-out><![CDATA[{phone=9.87654321E9, email=kumarram@gmail.com, name=Ram Kumar, description=Not a important one}
prjct.nine.testcases.CreateCustomerTest
validateCreateCustomerBasicAuthByValidSecretKey
{
    "id": "cus_TJ29kekZQPJfJp",
    "object": "customer",
    "address": null,
    "balance": 0,
    "created": 1761470259,
    "currency": null,
    "default_source": null,
    "delinquent": false,
    "description": "Not a important one",
    "discount": null,
    "email": "kumarram@gmail.com",
    "invoice_prefix": "9MLYQVWN",
    "invoice_settings": {
        "custom_fields": null,
        "default_payment_method": null,
        "footer": null,
        "rendering_options": null
    },
    "livemode": false,
    "metadata": {
        
    },
    "name": "Ram Kumar",
    "next_invoice_sequence": 1,
    "phone": "9.87654321E9",
    "preferred_locales": [
        
    ],
    "shipping": null,
    "tax_exempt": "none",
    "test_clock": null
}
]]></system-out>
  </testcase>
  <testcase name="validateCreateCustomerBasicAuthByValidSecretKey[{phone=5.432107896E9, email=raimeena@gmail.com, name=Meena  Rai, description=Client with good behavior}](3)" classname="prjct.nine.testcases.CreateCustomerTest" time="0.754">
    <system-out><![CDATA[{phone=5.432107896E9, email=raimeena@gmail.com, name=Meena  Rai, description=Client with good behavior}
prjct.nine.testcases.CreateCustomerTest
validateCreateCustomerBasicAuthByValidSecretKey
{
    "id": "cus_TJ29Txtj6SNZh3",
    "object": "customer",
    "address": null,
    "balance": 0,
    "created": 1761470259,
    "currency": null,
    "default_source": null,
    "delinquent": false,
    "description": "Client with good behavior",
    "discount": null,
    "email": "raimeena@gmail.com",
    "invoice_prefix": "SESLUSSU",
    "invoice_settings": {
        "custom_fields": null,
        "default_payment_method": null,
        "footer": null,
        "rendering_options": null
    },
    "livemode": false,
    "metadata": {
        
    },
    "name": "Meena  Rai",
    "next_invoice_sequence": 1,
    "phone": "5.432107896E9",
    "preferred_locales": [
        
    ],
    "shipping": null,
    "tax_exempt": "none",
    "test_clock": null
}
]]></system-out>
  </testcase>
  <testcase name="validateCreateCustomerBasicAuthByValidSecretKey[{phone=6.543210785E9, email=gshbu@gmail.com, name=Shubu Ghosh, description=Client with nice built}](4)" classname="prjct.nine.testcases.CreateCustomerTest" time="0.756">
    <system-out><![CDATA[{phone=6.543210785E9, email=gshbu@gmail.com, name=Shubu Ghosh, description=Client with nice built}
prjct.nine.testcases.CreateCustomerTest
validateCreateCustomerBasicAuthByValidSecretKey
{
    "id": "cus_TJ29EcEesL11Gy",
    "object": "customer",
    "address": null,
    "balance": 0,
    "created": 1761470260,
    "currency": null,
    "default_source": null,
    "delinquent": false,
    "description": "Client with nice built",
    "discount": null,
    "email": "gshbu@gmail.com",
    "invoice_prefix": "1AFCMOBZ",
    "invoice_settings": {
        "custom_fields": null,
        "default_payment_method": null,
        "footer": null,
        "rendering_options": null
    },
    "livemode": false,
    "metadata": {
        
    },
    "name": "Shubu Ghosh",
    "next_invoice_sequence": 1,
    "phone": "6.543210785E9",
    "preferred_locales": [
        
    ],
    "shipping": null,
    "tax_exempt": "none",
    "test_clock": null
}
]]></system-out>
  </testcase>
  <testcase name="validateAccessToken" classname="prjct.nine.testcases.DeleteCustomerTest" time="0.004">
    <failure message="Index 0 out of bounds for length 0" type="java.lang.ArrayIndexOutOfBoundsException"><![CDATA[java.lang.ArrayIndexOutOfBoundsException: Index 0 out of bounds for length 0
	at extentlisteners.ExtentListeners.onTestStart(ExtentListeners.java:48)
	at org.testng.internal.TestListenerHelper.runTestListeners(TestListenerHelper.java:115)
	at org.testng.internal.invokers.TestInvoker.runTestResultListener(TestInvoker.java:263)
	at org.testng.internal.invokers.TestInvoker.invokeMethod(TestInvoker.java:625)
	at org.testng.internal.invokers.TestInvoker.invokeTestMethod(TestInvoker.java:228)
	at org.testng.internal.invokers.MethodRunner.runInSequence(MethodRunner.java:63)
	at org.testng.internal.invokers.TestInvoker$MethodInvocationAgent.invoke(TestInvoker.java:961)
	at org.testng.internal.invokers.TestInvoker.invokeTestMethods(TestInvoker.java:201)
	at org.testng.internal.invokers.TestMethodWorker.invokeTestMethods(TestMethodWorker.java:148)
	at org.testng.internal.invokers.TestMethodWorker.run(TestMethodWorker.java:128)
	at java.base/java.util.ArrayList.forEach(ArrayList.java:1511)
	at org.testng.TestRunner.privateRun(TestRunner.java:819)
	at org.testng.TestRunner.run(TestRunner.java:619)
	at org.testng.SuiteRunner.runTest(SuiteRunner.java:443)
	at org.testng.SuiteRunner.runSequentially(SuiteRunner.java:437)
	at org.testng.SuiteRunner.privateRun(SuiteRunner.java:397)
	at org.testng.SuiteRunner.run(SuiteRunner.java:336)
	at org.testng.SuiteRunnerWorker.runSuite(SuiteRunnerWorker.java:52)
	at org.testng.SuiteRunnerWorker.run(SuiteRunnerWorker.java:95)
	at org.testng.TestNG.runSuitesSequentially(TestNG.java:1301)
	at org.testng.TestNG.runSuitesLocally(TestNG.java:1228)
	at org.testng.TestNG.runSuites(TestNG.java:1134)
	at org.testng.TestNG.run(TestNG.java:1101)
	at org.apache.maven.surefire.testng.TestNGExecutor.run(TestNGExecutor.java:308)
	at org.apache.maven.surefire.testng.TestNGXmlTestSuite.execute(TestNGXmlTestSuite.java:71)
	at org.apache.maven.surefire.testng.TestNGProvider.invoke(TestNGProvider.java:113)
	at org.apache.maven.surefire.booter.ForkedBooter.runSuitesInProcess(ForkedBooter.java:385)
	at org.apache.maven.surefire.booter.ForkedBooter.execute(ForkedBooter.java:162)
	at org.apache.maven.surefire.booter.ForkedBooter.run(ForkedBooter.java:507)
	at org.apache.maven.surefire.booter.ForkedBooter.main(ForkedBooter.java:495)
]]></failure>
    <system-out><![CDATA[Directory was not empty and contents deleted.
Folder contents copied successfully!
In the start method of extent listener
Inside on Test FAilures
]]></system-out>
    <system-err><![CDATA[log4j:WARN No appenders could be found for logger (freemarker.cache).
log4j:WARN Please initialize the log4j system properly.
log4j:WARN See http://logging.apache.org/log4j/1.2/faq.html#noconfig for more info.
]]></system-err>
  </testcase>
  <testcase name="createOrder" classname="prjct.nine.testcases.DeleteCustomerTest" time="0.003">
    <failure message="Index 0 out of bounds for length 0" type="java.lang.ArrayIndexOutOfBoundsException"><![CDATA[java.lang.ArrayIndexOutOfBoundsException: Index 0 out of bounds for length 0
	at extentlisteners.ExtentListeners.onTestStart(ExtentListeners.java:48)
	at org.testng.internal.TestListenerHelper.runTestListeners(TestListenerHelper.java:115)
	at org.testng.internal.invokers.TestInvoker.runTestResultListener(TestInvoker.java:263)
	at org.testng.internal.invokers.TestInvoker.invokeMethod(TestInvoker.java:625)
	at org.testng.internal.invokers.TestInvoker.invokeTestMethod(TestInvoker.java:228)
	at org.testng.internal.invokers.MethodRunner.runInSequence(MethodRunner.java:63)
	at org.testng.internal.invokers.TestInvoker$MethodInvocationAgent.invoke(TestInvoker.java:961)
	at org.testng.internal.invokers.TestInvoker.invokeTestMethods(TestInvoker.java:201)
	at org.testng.internal.invokers.TestMethodWorker.invokeTestMethods(TestMethodWorker.java:148)
	at org.testng.internal.invokers.TestMethodWorker.run(TestMethodWorker.java:128)
	at java.base/java.util.ArrayList.forEach(ArrayList.java:1511)
	at org.testng.TestRunner.privateRun(TestRunner.java:819)
	at org.testng.TestRunner.run(TestRunner.java:619)
	at org.testng.SuiteRunner.runTest(SuiteRunner.java:443)
	at org.testng.SuiteRunner.runSequentially(SuiteRunner.java:437)
	at org.testng.SuiteRunner.privateRun(SuiteRunner.java:397)
	at org.testng.SuiteRunner.run(SuiteRunner.java:336)
	at org.testng.SuiteRunnerWorker.runSuite(SuiteRunnerWorker.java:52)
	at org.testng.SuiteRunnerWorker.run(SuiteRunnerWorker.java:95)
	at org.testng.TestNG.runSuitesSequentially(TestNG.java:1301)
	at org.testng.TestNG.runSuitesLocally(TestNG.java:1228)
	at org.testng.TestNG.runSuites(TestNG.java:1134)
	at org.testng.TestNG.run(TestNG.java:1101)
	at org.apache.maven.surefire.testng.TestNGExecutor.run(TestNGExecutor.java:308)
	at org.apache.maven.surefire.testng.TestNGXmlTestSuite.execute(TestNGXmlTestSuite.java:71)
	at org.apache.maven.surefire.testng.TestNGProvider.invoke(TestNGProvider.java:113)
	at org.apache.maven.surefire.booter.ForkedBooter.runSuitesInProcess(ForkedBooter.java:385)
	at org.apache.maven.surefire.booter.ForkedBooter.execute(ForkedBooter.java:162)
	at org.apache.maven.surefire.booter.ForkedBooter.run(ForkedBooter.java:507)
	at org.apache.maven.surefire.booter.ForkedBooter.main(ForkedBooter.java:495)
]]></failure>
    <system-out><![CDATA[Inside on Test FAilures
]]></system-out>
  </testcase>
</testsuite>