<?xml version="1.0" encoding="UTF-8"?>
<testng-results ignored="0" total="8" passed="6" failed="2" skipped="0">
  <reporter-output>
    <line>
      <![CDATA[<a href=null target="_blank">Screenshot link</a>]]>
    </line>
    <line>
      <![CDATA[<br>]]>
    </line>
    <line>
      <![CDATA[<a href=null target="_blank"><img src=null height=200 width=200></a>]]>
    </line>
    <line>
      <![CDATA[<a href=null target="_blank">Screenshot link</a>]]>
    </line>
    <line>
      <![CDATA[<br>]]>
    </line>
    <line>
      <![CDATA[<a href=null target="_blank"><img src=null height=200 width=200></a>]]>
    </line>
  </reporter-output>
  <suite started-at="2025-10-26T14:47:36 IST" name="Suite" finished-at="2025-10-26T14:47:41 IST" duration-ms="4911">
    <groups>
    </groups>
    <test started-at="2025-10-26T14:47:36 IST" name="CrtCustomerTest" finished-at="2025-10-26T14:47:41 IST" duration-ms="4722">
      <class name="prjct.nine.testcases.CreateCustomerTest">
        <test-method is-config="true" signature="validationON()[pri:0, instance:prjct.nine.testcases.CreateCustomerTest@61c9c3fd]" started-at="2025-10-26T14:47:36 IST" name="validationON" finished-at="2025-10-26T14:47:36 IST" duration-ms="0" status="PASS">
          <reporter-output>
          </reporter-output>
        </test-method> <!-- validationON -->
        <test-method signature="validateCreateCustomerBasicAuthByInValidSecretKey(java.util.Hashtable)[pri:0, instance:prjct.nine.testcases.CreateCustomerTest@61c9c3fd]" started-at="2025-10-26T14:47:36 IST" name="validateCreateCustomerBasicAuthByInValidSecretKey" data-provider="dp" finished-at="2025-10-26T14:47:38 IST" duration-ms="1121" status="PASS">
          <params>
            <param index="0">
              <value>
                <![CDATA[{phone=1.234560987E9, email=kumarsham@gmail.com, name=Sham Kumar, description=This is a very important client}]]>
              </value>
            </param>
          </params>
          <reporter-output>
          </reporter-output>
        </test-method> <!-- validateCreateCustomerBasicAuthByInValidSecretKey -->
        <test-method signature="validateCreateCustomerBasicAuthByInValidSecretKey(java.util.Hashtable)[pri:0, instance:prjct.nine.testcases.CreateCustomerTest@61c9c3fd]" started-at="2025-10-26T14:47:38 IST" name="validateCreateCustomerBasicAuthByInValidSecretKey" data-provider="dp" finished-at="2025-10-26T14:47:38 IST" duration-ms="425" status="PASS">
          <params>
            <param index="0">
              <value>
                <![CDATA[{phone=9.87654321E9, email=kumarram@gmail.com, name=Ram Kumar, description=Not a important one}]]>
              </value>
            </param>
          </params>
          <reporter-output>
          </reporter-output>
        </test-method> <!-- validateCreateCustomerBasicAuthByInValidSecretKey -->
        <test-method signature="validateCreateCustomerBasicAuthByValidSecretKey(java.util.Hashtable)[pri:0, instance:prjct.nine.testcases.CreateCustomerTest@61c9c3fd]" started-at="2025-10-26T14:47:38 IST" name="validateCreateCustomerBasicAuthByValidSecretKey" data-provider="dp" finished-at="2025-10-26T14:47:39 IST" duration-ms="779" status="PASS">
          <params>
            <param index="0">
              <value>
                <![CDATA[{phone=1.234560987E9, email=kumarsham@gmail.com, name=Sham Kumar, description=This is a very important client}]]>
              </value>
            </param>
          </params>
          <reporter-output>
          </reporter-output>
        </test-method> <!-- validateCreateCustomerBasicAuthByValidSecretKey -->
        <test-method signature="validateCreateCustomerBasicAuthByValidSecretKey(java.util.Hashtable)[pri:0, instance:prjct.nine.testcases.CreateCustomerTest@61c9c3fd]" started-at="2025-10-26T14:47:39 IST" name="validateCreateCustomerBasicAuthByValidSecretKey" data-provider="dp" finished-at="2025-10-26T14:47:40 IST" duration-ms="799" status="PASS">
          <params>
            <param index="0">
              <value>
                <![CDATA[{phone=9.87654321E9, email=kumarram@gmail.com, name=Ram Kumar, description=Not a important one}]]>
              </value>
            </param>
          </params>
          <reporter-output>
          </reporter-output>
        </test-method> <!-- validateCreateCustomerBasicAuthByValidSecretKey -->
        <test-method signature="validateCreateCustomerBasicAuthByValidSecretKey(java.util.Hashtable)[pri:0, instance:prjct.nine.testcases.CreateCustomerTest@61c9c3fd]" started-at="2025-10-26T14:47:40 IST" name="validateCreateCustomerBasicAuthByValidSecretKey" data-provider="dp" finished-at="2025-10-26T14:47:40 IST" duration-ms="754" status="PASS">
          <params>
            <param index="0">
              <value>
                <![CDATA[{phone=5.432107896E9, email=raimeena@gmail.com, name=Meena  Rai, description=Client with good behavior}]]>
              </value>
            </param>
          </params>
          <reporter-output>
          </reporter-output>
        </test-method> <!-- validateCreateCustomerBasicAuthByValidSecretKey -->
        <test-method signature="validateCreateCustomerBasicAuthByValidSecretKey(java.util.Hashtable)[pri:0, instance:prjct.nine.testcases.CreateCustomerTest@61c9c3fd]" started-at="2025-10-26T14:47:40 IST" name="validateCreateCustomerBasicAuthByValidSecretKey" data-provider="dp" finished-at="2025-10-26T14:47:41 IST" duration-ms="755" status="PASS">
          <params>
            <param index="0">
              <value>
                <![CDATA[{phone=6.543210785E9, email=gshbu@gmail.com, name=Shubu Ghosh, description=Client with nice built}]]>
              </value>
            </param>
          </params>
          <reporter-output>
          </reporter-output>
        </test-method> <!-- validateCreateCustomerBasicAuthByValidSecretKey -->
        <test-method is-config="true" signature="validationOff()[pri:0, instance:prjct.nine.testcases.CreateCustomerTest@61c9c3fd]" started-at="2025-10-26T14:47:41 IST" name="validationOff" finished-at="2025-10-26T14:47:41 IST" duration-ms="3" status="PASS">
          <reporter-output>
          </reporter-output>
        </test-method> <!-- validationOff -->
      </class> <!-- prjct.nine.testcases.CreateCustomerTest -->
    </test> <!-- CrtCustomerTest -->
    <test started-at="2025-10-26T14:47:41 IST" name="DelCustomerTest" finished-at="2025-10-26T14:47:41 IST" duration-ms="9">
      <class name="prjct.nine.testcases.DeleteCustomerTest">
        <test-method is-config="true" signature="setUp()[pri:0, instance:prjct.nine.testcases.DeleteCustomerTest@56aaaecd]" started-at="2025-10-26T14:47:36 IST" name="setUp" finished-at="2025-10-26T14:47:36 IST" duration-ms="791" status="PASS">
          <reporter-output>
          </reporter-output>
        </test-method> <!-- setUp -->
        <test-method is-config="true" signature="validationON()[pri:0, instance:prjct.nine.testcases.DeleteCustomerTest@56aaaecd]" started-at="2025-10-26T14:47:41 IST" name="validationON" finished-at="2025-10-26T14:47:41 IST" duration-ms="0" status="PASS">
          <reporter-output>
          </reporter-output>
        </test-method> <!-- validationON -->
        <test-method signature="validateAccessToken()[pri:0, instance:prjct.nine.testcases.DeleteCustomerTest@56aaaecd]" started-at="2025-10-26T14:47:41 IST" name="validateAccessToken" finished-at="2025-10-26T14:47:41 IST" duration-ms="1" status="FAIL">
          <exception class="java.lang.ArrayIndexOutOfBoundsException">
            <message>
              <![CDATA[Index 0 out of bounds for length 0]]>
            </message>
            <full-stacktrace>
              <![CDATA[java.lang.ArrayIndexOutOfBoundsException: Index 0 out of bounds for length 0
at extentlisteners.ExtentListeners.onTestStart(ExtentListeners.java:48)
at org.testng.internal.TestListenerHelper.runTestListeners(TestListenerHelper.java:115)
at org.testng.internal.invokers.TestInvoker.runTestResultListener(TestInvoker.java:263)
at org.testng.internal.invokers.TestInvoker.invokeMethod(TestInvoker.java:625)
at org.testng.internal.invokers.TestInvoker.invokeTestMethod(TestInvoker.java:228)
at org.testng.internal.invokers.MethodRunner.runInSequence(MethodRunner.java:63)
at org.testng.internal.invokers.TestInvoker$MethodInvocationAgent.invoke(TestInvoker.java:961)
at org.testng.internal.invokers.TestInvoker.invokeTestMethods(TestInvoker.java:201)
at org.testng.internal.invokers.TestMethodWorker.invokeTestMethods(TestMethodWorker.java:148)
at org.testng.internal.invokers.TestMethodWorker.run(TestMethodWorker.java:128)
at java.base/java.util.ArrayList.forEach(ArrayList.java:1511)
at org.testng.TestRunner.privateRun(TestRunner.java:819)
at org.testng.TestRunner.run(TestRunner.java:619)
at org.testng.SuiteRunner.runTest(SuiteRunner.java:443)
at org.testng.SuiteRunner.runSequentially(SuiteRunner.java:437)
at org.testng.SuiteRunner.privateRun(SuiteRunner.java:397)
at org.testng.SuiteRunner.run(SuiteRunner.java:336)
at org.testng.SuiteRunnerWorker.runSuite(SuiteRunnerWorker.java:52)
at org.testng.SuiteRunnerWorker.run(SuiteRunnerWorker.java:95)
at org.testng.TestNG.runSuitesSequentially(TestNG.java:1301)
at org.testng.TestNG.runSuitesLocally(TestNG.java:1228)
at org.testng.TestNG.runSuites(TestNG.java:1134)
at org.testng.TestNG.run(TestNG.java:1101)
at org.apache.maven.surefire.testng.TestNGExecutor.run(TestNGExecutor.java:308)
at org.apache.maven.surefire.testng.TestNGXmlTestSuite.execute(TestNGXmlTestSuite.java:71)
at org.apache.maven.surefire.testng.TestNGProvider.invoke(TestNGProvider.java:113)
at org.apache.maven.surefire.booter.ForkedBooter.runSuitesInProcess(ForkedBooter.java:385)
at org.apache.maven.surefire.booter.ForkedBooter.execute(ForkedBooter.java:162)
at org.apache.maven.surefire.booter.ForkedBooter.run(ForkedBooter.java:507)
at org.apache.maven.surefire.booter.ForkedBooter.main(ForkedBooter.java:495)
]]>
            </full-stacktrace>
          </exception> <!-- java.lang.ArrayIndexOutOfBoundsException -->
          <reporter-output>
            <line>
              <![CDATA[<a href=null target="_blank">Screenshot link</a>]]>
            </line>
            <line>
              <![CDATA[<br>]]>
            </line>
            <line>
              <![CDATA[<a href=null target="_blank"><img src=null height=200 width=200></a>]]>
            </line>
          </reporter-output>
        </test-method> <!-- validateAccessToken -->
        <test-method signature="createOrder()[pri:2, instance:prjct.nine.testcases.DeleteCustomerTest@56aaaecd]" started-at="2025-10-26T14:47:41 IST" name="createOrder" finished-at="2025-10-26T14:47:41 IST" duration-ms="1" status="FAIL">
          <exception class="java.lang.ArrayIndexOutOfBoundsException">
            <message>
              <![CDATA[Index 0 out of bounds for length 0]]>
            </message>
            <full-stacktrace>
              <![CDATA[java.lang.ArrayIndexOutOfBoundsException: Index 0 out of bounds for length 0
at extentlisteners.ExtentListeners.onTestStart(ExtentListeners.java:48)
at org.testng.internal.TestListenerHelper.runTestListeners(TestListenerHelper.java:115)
at org.testng.internal.invokers.TestInvoker.runTestResultListener(TestInvoker.java:263)
at org.testng.internal.invokers.TestInvoker.invokeMethod(TestInvoker.java:625)
at org.testng.internal.invokers.TestInvoker.invokeTestMethod(TestInvoker.java:228)
at org.testng.internal.invokers.MethodRunner.runInSequence(MethodRunner.java:63)
at org.testng.internal.invokers.TestInvoker$MethodInvocationAgent.invoke(TestInvoker.java:961)
at org.testng.internal.invokers.TestInvoker.invokeTestMethods(TestInvoker.java:201)
at org.testng.internal.invokers.TestMethodWorker.invokeTestMethods(TestMethodWorker.java:148)
at org.testng.internal.invokers.TestMethodWorker.run(TestMethodWorker.java:128)
at java.base/java.util.ArrayList.forEach(ArrayList.java:1511)
at org.testng.TestRunner.privateRun(TestRunner.java:819)
at org.testng.TestRunner.run(TestRunner.java:619)
at org.testng.SuiteRunner.runTest(SuiteRunner.java:443)
at org.testng.SuiteRunner.runSequentially(SuiteRunner.java:437)
at org.testng.SuiteRunner.privateRun(SuiteRunner.java:397)
at org.testng.SuiteRunner.run(SuiteRunner.java:336)
at org.testng.SuiteRunnerWorker.runSuite(SuiteRunnerWorker.java:52)
at org.testng.SuiteRunnerWorker.run(SuiteRunnerWorker.java:95)
at org.testng.TestNG.runSuitesSequentially(TestNG.java:1301)
at org.testng.TestNG.runSuitesLocally(TestNG.java:1228)
at org.testng.TestNG.runSuites(TestNG.java:1134)
at org.testng.TestNG.run(TestNG.java:1101)
at org.apache.maven.surefire.testng.TestNGExecutor.run(TestNGExecutor.java:308)
at org.apache.maven.surefire.testng.TestNGXmlTestSuite.execute(TestNGXmlTestSuite.java:71)
at org.apache.maven.surefire.testng.TestNGProvider.invoke(TestNGProvider.java:113)
at org.apache.maven.surefire.booter.ForkedBooter.runSuitesInProcess(ForkedBooter.java:385)
at org.apache.maven.surefire.booter.ForkedBooter.execute(ForkedBooter.java:162)
at org.apache.maven.surefire.booter.ForkedBooter.run(ForkedBooter.java:507)
at org.apache.maven.surefire.booter.ForkedBooter.main(ForkedBooter.java:495)
]]>
            </full-stacktrace>
          </exception> <!-- java.lang.ArrayIndexOutOfBoundsException -->
          <reporter-output>
            <line>
              <![CDATA[<a href=null target="_blank">Screenshot link</a>]]>
            </line>
            <line>
              <![CDATA[<br>]]>
            </line>
            <line>
              <![CDATA[<a href=null target="_blank"><img src=null height=200 width=200></a>]]>
            </line>
          </reporter-output>
        </test-method> <!-- createOrder -->
        <test-method is-config="true" signature="validationOff()[pri:0, instance:prjct.nine.testcases.DeleteCustomerTest@56aaaecd]" started-at="2025-10-26T14:47:41 IST" name="validationOff" finished-at="2025-10-26T14:47:41 IST" duration-ms="1" status="PASS">
          <reporter-output>
          </reporter-output>
        </test-method> <!-- validationOff -->
        <test-method is-config="true" signature="tearDown()[pri:0, instance:prjct.nine.testcases.DeleteCustomerTest@56aaaecd]" started-at="2025-10-26T14:47:41 IST" name="tearDown" finished-at="2025-10-26T14:47:41 IST" duration-ms="0" status="PASS">
          <reporter-output>
          </reporter-output>
        </test-method> <!-- tearDown -->
      </class> <!-- prjct.nine.testcases.DeleteCustomerTest -->
    </test> <!-- DelCustomerTest -->
  </suite> <!-- Suite -->
</testng-results>
