<?xml version="1.0" encoding="UTF-8"?>
<!-- Generated by org.testng.reporters.JUnitReportReporter -->
<testsuite hostname="punbkumarpc" failures="0" tests="6" name="prjct.nine.testcases.CreateCustomerTest" time="4.633" errors="0" timestamp="2025-10-26T14:47:41 IST" skipped="0">
  <testcase classname="prjct.nine.testcases.CreateCustomerTest" name="validateCreateCustomerBasicAuthByValidSecretKey" time="0.779"/>
  <testcase classname="prjct.nine.testcases.CreateCustomerTest" name="validateCreateCustomerBasicAuthByInValidSecretKey" time="0.425"/>
  <testcase classname="prjct.nine.testcases.CreateCustomerTest" name="validateCreateCustomerBasicAuthByValidSecretKey" time="0.754"/>
  <testcase classname="prjct.nine.testcases.CreateCustomerTest" name="validateCreateCustomerBasicAuthByValidSecretKey" time="0.799"/>
  <testcase classname="prjct.nine.testcases.CreateCustomerTest" name="validateCreateCustomerBasicAuthByValidSecretKey" time="0.755"/>
  <testcase classname="prjct.nine.testcases.CreateCustomerTest" name="validateCreateCustomerBasicAuthByInValidSecretKey" time="1.121"/>
  <system-out>
    <![CDATA[<a href=null target="_blank">Screenshot link</a>
<br>
<a href=null target="_blank"><img src=null height=200 width=200></a>
<a href=null target="_blank">Screenshot link</a>
<br>
<a href=null target="_blank"><img src=null height=200 width=200></a>]]>
  </system-out>
</testsuite> <!-- prjct.nine.testcases.CreateCustomerTest -->
