{"uid":"c0eed2c246481324","name":"validationOff","fullName":"prjct.nine.base.testingBase.validationOff","historyId":"95deef5a524180a760807ce06409f120","time":{"start":1761467692831,"stop":1761467692831,"duration":0},"status":"broken","statusMessage":"Parameter 'destFile' is not a file: C:\\Users\\MSI\\eclipse-workspace\\RestAPI_Project_9\\ExtentReports\\Latest","statusTrace":"java.lang.IllegalArgumentException: Parameter 'destFile' is not a file: C:\\Users\\MSI\\eclipse-workspace\\RestAPI_Project_9\\ExtentReports\\Latest\r\n\tat org.apache.commons.io.FileUtils.requireFile(FileUtils.java:2819)\r\n\tat org.apache.commons.io.FileUtils.requireFileIfExists(FileUtils.java:2848)\r\n\tat org.apache.commons.io.FileUtils.copyFile(FileUtils.java:803)\r\n\tat org.apache.commons.io.FileUtils.copyFile(FileUtils.java:834)\r\n\tat org.apache.commons.io.FileUtils.copyFile(FileUtils.java:742)\r\n\tat prjct.nine.base.testingBase.validationOff(testingBase.java:68)\r\n\tat java.base/jdk.internal.reflect.DirectMethodHandleAccessor.invoke(DirectMethodHandleAccessor.java:103)\r\n\tat java.base/java.lang.reflect.Method.invoke(Method.java:580)\r\n\tat org.testng.internal.invokers.MethodInvocationHelper.invokeMethod(MethodInvocationHelper.java:139)\r\n\tat org.testng.internal.invokers.MethodInvocationHelper.invokeMethodConsideringTimeout(MethodInvocationHelper.java:69)\r\n\tat org.testng.internal.invokers.ConfigInvoker.invokeConfigurationMethod(ConfigInvoker.java:393)\r\n\tat org.testng.internal.invokers.ConfigInvoker.invokeConfigurations(ConfigInvoker.java:326)\r\n\tat org.testng.TestRunner.invokeTestConfigurations(TestRunner.java:661)\r\n\tat org.testng.TestRunner.afterRun(TestRunner.java:904)\r\n\tat org.testng.TestRunner.run(TestRunner.java:622)\r\n\tat org.testng.SuiteRunner.runTest(SuiteRunner.java:443)\r\n\tat org.testng.SuiteRunner.runSequentially(SuiteRunner.java:437)\r\n\tat org.testng.SuiteRunner.privateRun(SuiteRunner.java:397)\r\n\tat org.testng.SuiteRunner.run(SuiteRunner.java:336)\r\n\tat org.testng.SuiteRunnerWorker.runSuite(SuiteRunnerWorker.java:52)\r\n\tat org.testng.SuiteRunnerWorker.run(SuiteRunnerWorker.java:95)\r\n\tat org.testng.TestNG.runSuitesSequentially(TestNG.java:1301)\r\n\tat org.testng.TestNG.runSuitesLocally(TestNG.java:1228)\r\n\tat org.testng.TestNG.runSuites(TestNG.java:1134)\r\n\tat org.testng.TestNG.run(TestNG.java:1101)\r\n\tat org.apache.maven.surefire.testng.TestNGExecutor.run(TestNGExecutor.java:308)\r\n\tat org.apache.maven.surefire.testng.TestNGXmlTestSuite.execute(TestNGXmlTestSuite.java:71)\r\n\tat org.apache.maven.surefire.testng.TestNGProvider.invoke(TestNGProvider.java:113)\r\n\tat org.apache.maven.surefire.booter.ForkedBooter.runSuitesInProcess(ForkedBooter.java:385)\r\n\tat org.apache.maven.surefire.booter.ForkedBooter.execute(ForkedBooter.java:162)\r\n\tat org.apache.maven.surefire.booter.ForkedBooter.run(ForkedBooter.java:507)\r\n\tat org.apache.maven.surefire.booter.ForkedBooter.main(ForkedBooter.java:495)\r\n","flaky":false,"newFailed":false,"newBroken":false,"newPassed":false,"retriesCount":0,"retriesStatusChange":false,"beforeStages":[{"name":"setUp","time":{"start":1761467687146,"stop":1761467687919,"duration":773},"description":"","status":"passed","steps":[],"attachments":[],"parameters":[],"shouldDisplayMessage":false,"attachmentsCount":0,"stepsCount":0,"attachmentStep":false,"hasContent":false},{"name":"validationON","time":{"start":1761467692818,"stop":1761467692818,"duration":0},"description":"","status":"passed","steps":[],"attachments":[],"parameters":[],"shouldDisplayMessage":false,"attachmentsCount":0,"stepsCount":0,"attachmentStep":false,"hasContent":false}],"afterStages":[{"name":"validationOff","time":{"start":1761467692827,"stop":1761467692829,"duration":2},"description":"","status":"broken","statusMessage":"Parameter 'destFile' is not a file: C:\\Users\\MSI\\eclipse-workspace\\RestAPI_Project_9\\ExtentReports\\Latest","statusTrace":"java.lang.IllegalArgumentException: Parameter 'destFile' is not a file: C:\\Users\\MSI\\eclipse-workspace\\RestAPI_Project_9\\ExtentReports\\Latest\r\n\tat org.apache.commons.io.FileUtils.requireFile(FileUtils.java:2819)\r\n\tat org.apache.commons.io.FileUtils.requireFileIfExists(FileUtils.java:2848)\r\n\tat org.apache.commons.io.FileUtils.copyFile(FileUtils.java:803)\r\n\tat org.apache.commons.io.FileUtils.copyFile(FileUtils.java:834)\r\n\tat org.apache.commons.io.FileUtils.copyFile(FileUtils.java:742)\r\n\tat prjct.nine.base.testingBase.validationOff(testingBase.java:68)\r\n\tat java.base/jdk.internal.reflect.DirectMethodHandleAccessor.invoke(DirectMethodHandleAccessor.java:103)\r\n\tat java.base/java.lang.reflect.Method.invoke(Method.java:580)\r\n\tat org.testng.internal.invokers.MethodInvocationHelper.invokeMethod(MethodInvocationHelper.java:139)\r\n\tat org.testng.internal.invokers.MethodInvocationHelper.invokeMethodConsideringTimeout(MethodInvocationHelper.java:69)\r\n\tat org.testng.internal.invokers.ConfigInvoker.invokeConfigurationMethod(ConfigInvoker.java:393)\r\n\tat org.testng.internal.invokers.ConfigInvoker.invokeConfigurations(ConfigInvoker.java:326)\r\n\tat org.testng.TestRunner.invokeTestConfigurations(TestRunner.java:661)\r\n\tat org.testng.TestRunner.afterRun(TestRunner.java:904)\r\n\tat org.testng.TestRunner.run(TestRunner.java:622)\r\n\tat org.testng.SuiteRunner.runTest(SuiteRunner.java:443)\r\n\tat org.testng.SuiteRunner.runSequentially(SuiteRunner.java:437)\r\n\tat org.testng.SuiteRunner.privateRun(SuiteRunner.java:397)\r\n\tat org.testng.SuiteRunner.run(SuiteRunner.java:336)\r\n\tat org.testng.SuiteRunnerWorker.runSuite(SuiteRunnerWorker.java:52)\r\n\tat org.testng.SuiteRunnerWorker.run(SuiteRunnerWorker.java:95)\r\n\tat org.testng.TestNG.runSuitesSequentially(TestNG.java:1301)\r\n\tat org.testng.TestNG.runSuitesLocally(TestNG.java:1228)\r\n\tat org.testng.TestNG.runSuites(TestNG.java:1134)\r\n\tat org.testng.TestNG.run(TestNG.java:1101)\r\n\tat org.apache.maven.surefire.testng.TestNGExecutor.run(TestNGExecutor.java:308)\r\n\tat org.apache.maven.surefire.testng.TestNGXmlTestSuite.execute(TestNGXmlTestSuite.java:71)\r\n\tat org.apache.maven.surefire.testng.TestNGProvider.invoke(TestNGProvider.java:113)\r\n\tat org.apache.maven.surefire.booter.ForkedBooter.runSuitesInProcess(ForkedBooter.java:385)\r\n\tat org.apache.maven.surefire.booter.ForkedBooter.execute(ForkedBooter.java:162)\r\n\tat org.apache.maven.surefire.booter.ForkedBooter.run(ForkedBooter.java:507)\r\n\tat org.apache.maven.surefire.booter.ForkedBooter.main(ForkedBooter.java:495)\r\n","steps":[],"attachments":[],"parameters":[],"shouldDisplayMessage":true,"attachmentsCount":0,"stepsCount":0,"attachmentStep":false,"hasContent":true},{"name":"tearDown","time":{"start":1761467692848,"stop":1761467692848,"duration":0},"description":"","status":"broken","steps":[],"attachments":[],"parameters":[],"shouldDisplayMessage":false,"attachmentsCount":0,"stepsCount":0,"attachmentStep":false,"hasContent":false}],"labels":[{"name":"package","value":"prjct.nine.testcases.DeleteCustomerTest"},{"name":"testClass","value":"prjct.nine.testcases.DeleteCustomerTest"},{"name":"testMethod","value":"validationOff"},{"name":"parentSuite","value":"Suite"},{"name":"suite","value":"DelCustomerTest"},{"name":"subSuite","value":"prjct.nine.testcases.DeleteCustomerTest"},{"name":"host","value":"punbkumarpc"},{"name":"thread","value":"26500@punbkumarpc.main(1)"},{"name":"framework","value":"testng"},{"name":"language","value":"java"},{"name":"AS_ID","value":"-1"},{"name":"resultFormat","value":"allure2"}],"parameters":[],"links":[],"hidden":false,"retry":false,"extra":{"severity":"normal","retries":[],"categories":[{"name":"Test defects","matchedStatuses":[],"flaky":false}],"history":{"statistic":{"failed":0,"broken":2,"skipped":0,"passed":0,"unknown":0,"total":2},"items":[{"uid":"a7fedde4a5c2b0f2","reportUrl":"http://punbkumarpc:8080/job/RestAPI_Project/3/allure/#testresult/a7fedde4a5c2b0f2","status":"broken","statusDetails":"Parameter 'destFile' is not a file: C:\\Users\\MSI\\eclipse-workspace\\RestAPI_Project_9\\ExtentReports\\Latest","time":{"start":1761467692831,"stop":1761467692831,"duration":0}}]},"tags":[]},"source":"c0eed2c246481324.json","parameterValues":[]}